{"name": "Sign up", "status": "failed", "statusDetails": {"message": "AssertionError: assert 'Вы успешно з...истрировались' == 'Вы успешно !...истрировались'\n  \n  - Вы успешно !!!зарегистрировались\n  ?            ---\n  + Вы успешно зарегистрировались", "trace": "self = <test_mesto_registration.TestMestoRegistration object at 0x10d7919d0>, driver = <selenium.webdriver.chrome.webdriver.WebDriver (session=\"b69e22f87c13d8876a8955f397049c8d\")>\n\n    @title(\"Sign up\")\n    def test_signup_pom(self, driver):\n        email_data, password_data = get_sign_up_data()\n        sign_up_page = SignUpPage(driver)\n        sign_up_page.open_page(URL)\n        sign_up_page.enter_email(email_data)\n        sign_up_page.enter_password(password_data)\n        sign_up_page.submit_button_click()\n    \n        modal = SuccessfulSignupPopup(driver)\n>       assert modal.get_label_text() == modal.SIGNUP_TEXT\nE       AssertionError: assert 'Вы успешно з...истрировались' == 'Вы успешно !...истрировались'\nE         \nE         - Вы успешно !!!зарегистрировались\nE         ?            ---\nE         + Вы успешно зарегистрировались\n\ntests/test_mesto_registration.py:55: AssertionError"}, "steps": [{"name": "Open page", "status": "passed", "steps": [{"name": "Go to {url}", "status": "passed", "start": 1743532283153, "stop": 1743532283482}], "start": 1743532283153, "stop": 1743532283482}, {"name": "Enter email patrickfrye@example.org", "status": "passed", "steps": [{"name": "Fill text patrickfrye@example.org into field with locator ('xpath', \"//*[@id='email']\")", "status": "passed", "steps": [{"name": "Find element ('xpath', \"//*[@id='email']\")", "status": "passed", "start": 1743532283482, "stop": 1743532283492}], "start": 1743532283482, "stop": 1743532283663}], "start": 1743532283482, "stop": 1743532283663}, {"name": "Enter password 5E)T1BViq*", "status": "passed", "steps": [{"name": "Fill text 5E)T1BViq* into field with locator ('xpath', \"//*[@id='password']\")", "status": "passed", "steps": [{"name": "Find element ('xpath', \"//*[@id='password']\")", "status": "passed", "start": 1743532283663, "stop": 1743532283672}], "start": 1743532283663, "stop": 1743532283723}], "start": 1743532283663, "stop": 1743532283723}, {"name": "Click submit button", "status": "passed", "steps": [{"name": "Click to ('xpath', \"//button[contains(@class, 'auth')]\")", "status": "passed", "steps": [{"name": "Find element ('xpath', \"//button[contains(@class, 'auth')]\")", "status": "passed", "start": 1743532283723, "stop": 1743532283732}], "start": 1743532283723, "stop": 1743532283774}], "start": 1743532283723, "stop": 1743532283774}, {"name": "Find element ('xpath', \"//div[contains(@class, 'popup_is-opened')]//p\")", "status": "passed", "start": 1743532283774, "stop": 1743532284289}], "start": 1743532283115, "stop": 1743532284300, "uuid": "8937e25b-ea53-4be0-b14d-89095a32e9ad", "historyId": "83da6852799761eac1754d943552a79f", "testCaseId": "83da6852799761eac1754d943552a79f", "fullName": "tests.test_mesto_registration.TestMestoRegistration#test_signup_pom", "labels": [{"name": "suite", "value": "Registration"}, {"name": "parentSuite", "value": "tests"}, {"name": "subSuite", "value": "TestMestoRegistration"}, {"name": "host", "value": "Nikitas-MacBook-Pro.local"}, {"name": "thread", "value": "78405-MainThread"}, {"name": "framework", "value": "pytest"}, {"name": "language", "value": "cpython3"}, {"name": "package", "value": "tests.test_mesto_registration"}]}